<?xml version="1.0" encoding="UTF-8"?>
<testsuite name="ru.stqa.pft.sandbox.PointTests" tests="1" skipped="0" failures="0" errors="0" timestamp="2020-06-11T06:29:12" hostname="WIN-3RIAOVD4NCL" time="0.007">
  <properties/>
  <testcase name="testDistance" classname="ru.stqa.pft.sandbox.PointTests" time="0.007"/>
  <system-out><![CDATA[]]></system-out>
  <system-err><![CDATA[]]></system-err>
</testsuite>
