<?xml version="1.0" encoding="UTF-8"?>
<testsuite name="ru.stqa.pft.addressbook.ContactCreationTests" tests="1" skipped="0" failures="0" errors="0" timestamp="2020-06-29T07:12:19" hostname="WIN-3RIAOVD4NCL" time="4.019">
  <properties/>
  <testcase name="testContactCreation" classname="ru.stqa.pft.addressbook.ContactCreationTests" time="4.019"/>
  <system-out><![CDATA[]]></system-out>
  <system-err><![CDATA[июн 29, 2020 1:12:13 PM org.openqa.selenium.remote.ProtocolHandshake createSession
INFO: Detected dialect: OSS
]]></system-err>
</testsuite>
