<?xml version="1.0" encoding="UTF-8"?>
<testsuite name="ru.stqa.pft.addressbook.GroupCreationTests" tests="1" skipped="0" failures="0" errors="0" timestamp="2020-06-29T04:16:27" hostname="WIN-3RIAOVD4NCL" time="1.818">
  <properties/>
  <testcase name="testGroupCreation" classname="ru.stqa.pft.addressbook.GroupCreationTests" time="1.818"/>
  <system-out><![CDATA[]]></system-out>
  <system-err><![CDATA[июн 29, 2020 10:16:22 AM org.openqa.selenium.remote.ProtocolHandshake createSession
INFO: Detected dialect: OSS
]]></system-err>
</testsuite>
