<?xml version="1.0" encoding="UTF-8"?>
<testsuite name="ru.stqa.pft.addressbook.ContactCreationTests" tests="1" skipped="0" failures="0" errors="0" timestamp="2020-06-29T04:33:39" hostname="WIN-3RIAOVD4NCL" time="6.972">
  <properties/>
  <testcase name="tesContactCreation" classname="ru.stqa.pft.addressbook.ContactCreationTests" time="6.972"/>
  <system-out><![CDATA[]]></system-out>
  <system-err><![CDATA[июн 29, 2020 10:33:18 AM org.openqa.selenium.remote.ProtocolHandshake createSession
INFO: Detected dialect: OSS
]]></system-err>
</testsuite>
